c:\users\lior\desktop\git clones\system computing\amitayver1.0.0\system-computing\nivbuskila_amitaymanor\nivbuski.af3b762a\x64\debug\vc143.pdb
c:\users\lior\desktop\git clones\system computing\amitayver1.0.0\system-computing\nivbuskila_amitaymanor\nivbuski.af3b762a\x64\debug\vc143.idb
c:\users\lior\desktop\git clones\system computing\amitayver1.0.0\system-computing\nivbuskila_amitaymanor\nivbuski.af3b762a\x64\debug\utility.obj
c:\users\lior\desktop\git clones\system computing\amitayver1.0.0\system-computing\nivbuskila_amitaymanor\nivbuski.af3b762a\x64\debug\universal_manager.obj
c:\users\lior\desktop\git clones\system computing\amitayver1.0.0\system-computing\nivbuskila_amitaymanor\nivbuski.af3b762a\x64\debug\spacecraft.obj
c:\users\lior\desktop\git clones\system computing\amitayver1.0.0\system-computing\nivbuskila_amitaymanor\nivbuski.af3b762a\x64\debug\solar_system.obj
c:\users\lior\desktop\git clones\system computing\amitayver1.0.0\system-computing\nivbuskila_amitaymanor\nivbuski.af3b762a\x64\debug\planet.obj
c:\users\lior\desktop\git clones\system computing\amitayver1.0.0\system-computing\nivbuskila_amitaymanor\nivbuski.af3b762a\x64\debug\main.obj
c:\users\lior\desktop\git clones\system computing\amitayver1.0.0\system-computing\nivbuskila_amitaymanor\nivbuski.af3b762a\x64\debug\interstellar_travel.obj
c:\users\lior\desktop\git clones\system computing\amitayver1.0.0\system-computing\nivbuskila_amitaymanor\nivbuski.af3b762a\x64\debug\galaxy.obj
c:\users\lior\desktop\git clones\system computing\amitayver1.0.0\system-computing\nivbuskila_amitaymanor\nivbuski.af3b762a\x64\debug\date.obj
c:\users\lior\desktop\git clones\system computing\amitayver1.0.0\system-computing\nivbuskila_amitaymanor\nivbuski.af3b762a\x64\debug\company.obj
c:\users\lior\desktop\git clones\system computing\amitayver1.0.0\system-computing\nivbuskila_amitaymanor\nivbuski.af3b762a\x64\debug\nivbuskila_amitaymanor.ilk
c:\users\lior\desktop\git clones\system computing\amitayver1.0.0\system-computing\nivbuskila_amitaymanor\x64\debug\nivbuskila_amitaymanor.pdb
c:\users\lior\desktop\git clones\system computing\amitayver1.0.0\system-computing\nivbuskila_amitaymanor\nivbuski.af3b762a\x64\debug\nivbuski.af3b762a.tlog\cl.command.1.tlog
c:\users\lior\desktop\git clones\system computing\amitayver1.0.0\system-computing\nivbuskila_amitaymanor\nivbuski.af3b762a\x64\debug\nivbuski.af3b762a.tlog\cl.items.tlog
c:\users\lior\desktop\git clones\system computing\amitayver1.0.0\system-computing\nivbuskila_amitaymanor\nivbuski.af3b762a\x64\debug\nivbuski.af3b762a.tlog\cl.read.1.tlog
c:\users\lior\desktop\git clones\system computing\amitayver1.0.0\system-computing\nivbuskila_amitaymanor\nivbuski.af3b762a\x64\debug\nivbuski.af3b762a.tlog\cl.write.1.tlog
c:\users\lior\desktop\git clones\system computing\amitayver1.0.0\system-computing\nivbuskila_amitaymanor\nivbuski.af3b762a\x64\debug\nivbuski.af3b762a.tlog\link.8704-cvtres.read.1.tlog
c:\users\lior\desktop\git clones\system computing\amitayver1.0.0\system-computing\nivbuskila_amitaymanor\nivbuski.af3b762a\x64\debug\nivbuski.af3b762a.tlog\link.8704-cvtres.write.1.tlog
c:\users\lior\desktop\git clones\system computing\amitayver1.0.0\system-computing\nivbuskila_amitaymanor\nivbuski.af3b762a\x64\debug\nivbuski.af3b762a.tlog\link.8704-rc.read.1.tlog
c:\users\lior\desktop\git clones\system computing\amitayver1.0.0\system-computing\nivbuskila_amitaymanor\nivbuski.af3b762a\x64\debug\nivbuski.af3b762a.tlog\link.8704-rc.write.1.tlog
c:\users\lior\desktop\git clones\system computing\amitayver1.0.0\system-computing\nivbuskila_amitaymanor\nivbuski.af3b762a\x64\debug\nivbuski.af3b762a.tlog\link.8704.read.1.tlog
c:\users\lior\desktop\git clones\system computing\amitayver1.0.0\system-computing\nivbuskila_amitaymanor\nivbuski.af3b762a\x64\debug\nivbuski.af3b762a.tlog\link.8704.read.2.tlog
c:\users\lior\desktop\git clones\system computing\amitayver1.0.0\system-computing\nivbuskila_amitaymanor\nivbuski.af3b762a\x64\debug\nivbuski.af3b762a.tlog\link.8704.write.1.tlog
c:\users\lior\desktop\git clones\system computing\amitayver1.0.0\system-computing\nivbuskila_amitaymanor\nivbuski.af3b762a\x64\debug\nivbuski.af3b762a.tlog\link.command.1.tlog
c:\users\lior\desktop\git clones\system computing\amitayver1.0.0\system-computing\nivbuskila_amitaymanor\nivbuski.af3b762a\x64\debug\nivbuski.af3b762a.tlog\link.read.1.tlog
c:\users\lior\desktop\git clones\system computing\amitayver1.0.0\system-computing\nivbuskila_amitaymanor\nivbuski.af3b762a\x64\debug\nivbuski.af3b762a.tlog\link.secondary.1.tlog
c:\users\lior\desktop\git clones\system computing\amitayver1.0.0\system-computing\nivbuskila_amitaymanor\nivbuski.af3b762a\x64\debug\nivbuski.af3b762a.tlog\link.write.1.tlog
